  main.cpp
C:\Users\rkddl\source\repos\3D_P\Mat2\Mat2\MuSoenMath.h(26,10): error C2365: 'mat3::transpose': 재정의: 이전 정의는 '데이터 멤버'입니다.
C:\Users\rkddl\source\repos\3D_P\Mat2\Mat2\MuSoenMath.h(7): message : 'mat3::transpose' 선언을 참조하십시오.
C:\Users\rkddl\source\repos\3D_P\Mat2\Mat2\MuSoenMath.h(27,9): error C2059: 구문 오류: 'for'
C:\Users\rkddl\source\repos\3D_P\Mat2\Mat2\MuSoenMath.h(27,9): error C2143: 구문 오류: ')'이(가) ';' 앞에 없습니다.
C:\Users\rkddl\source\repos\3D_P\Mat2\Mat2\MuSoenMath.h(27,9): error C2238: ';' 앞에 예기치 않은 토큰이 있습니다.
C:\Users\rkddl\source\repos\3D_P\Mat2\Mat2\MuSoenMath.h(27,27): error C2143: 구문 오류: ';'이(가) '<' 앞에 없습니다.
C:\Users\rkddl\source\repos\3D_P\Mat2\Mat2\MuSoenMath.h(27,27): error C4430: 형식 지정자가 없습니다. int로 가정합니다. 참고: C++에서는 기본 int를 지원하지 않습니다.
C:\Users\rkddl\source\repos\3D_P\Mat2\Mat2\MuSoenMath.h(27,30): error C2238: ';' 앞에 예기치 않은 토큰이 있습니다.
C:\Users\rkddl\source\repos\3D_P\Mat2\Mat2\MuSoenMath.h(27,33): error C2143: 구문 오류: ';'이(가) '++' 앞에 없습니다.
C:\Users\rkddl\source\repos\3D_P\Mat2\Mat2\MuSoenMath.h(27,33): error C4430: 형식 지정자가 없습니다. int로 가정합니다. 참고: C++에서는 기본 int를 지원하지 않습니다.
C:\Users\rkddl\source\repos\3D_P\Mat2\Mat2\MuSoenMath.h(27,35): error C2059: 구문 오류: ')'
C:\Users\rkddl\source\repos\3D_P\Mat2\Mat2\MuSoenMath.h(28,13): error C2143: 구문 오류: ')'이(가) ';' 앞에 없습니다.
C:\Users\rkddl\source\repos\3D_P\Mat2\Mat2\MuSoenMath.h(28,13): error C2238: ';' 앞에 예기치 않은 토큰이 있습니다.
C:\Users\rkddl\source\repos\3D_P\Mat2\Mat2\MuSoenMath.h(28,31): error C2143: 구문 오류: ';'이(가) '<' 앞에 없습니다.
C:\Users\rkddl\source\repos\3D_P\Mat2\Mat2\MuSoenMath.h(28,31): error C4430: 형식 지정자가 없습니다. int로 가정합니다. 참고: C++에서는 기본 int를 지원하지 않습니다.
C:\Users\rkddl\source\repos\3D_P\Mat2\Mat2\MuSoenMath.h(28,34): error C2238: ';' 앞에 예기치 않은 토큰이 있습니다.
C:\Users\rkddl\source\repos\3D_P\Mat2\Mat2\MuSoenMath.h(28,37): error C2143: 구문 오류: ';'이(가) '++' 앞에 없습니다.
C:\Users\rkddl\source\repos\3D_P\Mat2\Mat2\MuSoenMath.h(28,37): error C4430: 형식 지정자가 없습니다. int로 가정합니다. 참고: C++에서는 기본 int를 지원하지 않습니다.
C:\Users\rkddl\source\repos\3D_P\Mat2\Mat2\MuSoenMath.h(28,39): error C2059: 구문 오류: ')'
C:\Users\rkddl\source\repos\3D_P\Mat2\Mat2\MuSoenMath.h(28,68): error C2238: ';' 앞에 예기치 않은 토큰이 있습니다.
C:\Users\rkddl\source\repos\3D_P\Mat2\Mat2\MuSoenMath.h(31,10): error C2143: 구문 오류: ';'이(가) '*' 앞에 없습니다.
C:\Users\rkddl\source\repos\3D_P\Mat2\Mat2\MuSoenMath.h(15,9): error C3867: 'mat3::identity': 비표준 구문입니다. '&'를 사용하여 멤버 포인터를 만드세요.
C:\Users\rkddl\source\repos\3D_P\Mat2\Mat2\MuSoenMath.h(31,30): error C4430: 형식 지정자가 없습니다. int로 가정합니다. 참고: C++에서는 기본 int를 지원하지 않습니다.
C:\Users\rkddl\source\repos\3D_P\Mat2\Mat2\MuSoenMath.h(36,39): error C2065: 'mat': 선언되지 않은 식별자입니다.
C:\Users\rkddl\source\repos\3D_P\Mat2\Mat2\MuSoenMath.h(39,20): error C2440: 'return': 'mat3'에서 'int'(으)로 변환할 수 없습니다.
C:\Users\rkddl\source\repos\3D_P\Mat2\Mat2\MuSoenMath.h(39,16): message : 이 변환을 수행할 수 있는 사용 가능한 사용자 정의 변환 연산자가 없거나 연산자를 호출할 수 없습니다.
C:\Users\rkddl\source\repos\3D_P\Mat2\Mat2\MuSoenMath.h(40,5): error C2617: 'operator *': return 문이 일관성이 없습니다.
C:\Users\rkddl\source\repos\3D_P\Mat2\Mat2\MuSoenMath.h(31): message : 'operator *' 선언을 참조하십시오.
C:\Users\rkddl\source\repos\3D_P\Mat2\Mat2\MuSoenMath.h(42,30): error C2803: 'operator *'에는 클래스 형식의 정식 매개 변수가 적어도 하나는 있어야 합니다.
C:\Users\rkddl\source\repos\3D_P\Mat2\Mat2\MuSoenMath.h(46,34): error C2065: 'mat': 선언되지 않은 식별자입니다.
C:\Users\rkddl\source\repos\3D_P\Mat2\Mat2\MuSoenMath.h(52,30): error C2803: 'operator /'에는 클래스 형식의 정식 매개 변수가 적어도 하나는 있어야 합니다.
C:\Users\rkddl\source\repos\3D_P\Mat2\Mat2\MuSoenMath.h(52,30): error C2805: 이항 'operator /'에 매개 변수가 너무 적습니다.
C:\Users\rkddl\source\repos\3D_P\Mat2\Mat2\MuSoenMath.h(56,34): error C2065: 'mat': 선언되지 않은 식별자입니다.
C:\Users\rkddl\source\repos\3D_P\Mat2\Mat2\MuSoenMath.h(62,30): error C2803: 'operator +'에는 클래스 형식의 정식 매개 변수가 적어도 하나는 있어야 합니다.
C:\Users\rkddl\source\repos\3D_P\Mat2\Mat2\MuSoenMath.h(66,34): error C2065: 'mat': 선언되지 않은 식별자입니다.
C:\Users\rkddl\source\repos\3D_P\Mat2\Mat2\MuSoenMath.h(72,30): error C2803: 'operator -'에는 클래스 형식의 정식 매개 변수가 적어도 하나는 있어야 합니다.
C:\Users\rkddl\source\repos\3D_P\Mat2\Mat2\MuSoenMath.h(76,34): error C2065: 'mat': 선언되지 않은 식별자입니다.
C:\Users\rkddl\source\repos\3D_P\Mat2\Mat2\MuSoenMath.h(81,1): error C2059: 구문 오류: '}'
C:\Users\rkddl\source\repos\3D_P\Mat2\Mat2\MuSoenMath.h(81,1): error C2143: 구문 오류: ';'이(가) '}' 앞에 없습니다.
C:\Users\rkddl\source\repos\3D_P\Mat2\Mat2\MuSoenMath.h(104,10): error C2365: 'mat4::transpose': 재정의: 이전 정의는 '데이터 멤버'입니다.
C:\Users\rkddl\source\repos\3D_P\Mat2\Mat2\MuSoenMath.h(85): message : 'mat4::transpose' 선언을 참조하십시오.
C:\Users\rkddl\source\repos\3D_P\Mat2\Mat2\MuSoenMath.h(105,9): error C2059: 구문 오류: 'for'
C:\Users\rkddl\source\repos\3D_P\Mat2\Mat2\MuSoenMath.h(105,9): error C2143: 구문 오류: ')'이(가) ';' 앞에 없습니다.
C:\Users\rkddl\source\repos\3D_P\Mat2\Mat2\MuSoenMath.h(105,9): error C2238: ';' 앞에 예기치 않은 토큰이 있습니다.
C:\Users\rkddl\source\repos\3D_P\Mat2\Mat2\MuSoenMath.h(105,27): error C2143: 구문 오류: ';'이(가) '<' 앞에 없습니다.
C:\Users\rkddl\source\repos\3D_P\Mat2\Mat2\MuSoenMath.h(105,27): error C4430: 형식 지정자가 없습니다. int로 가정합니다. 참고: C++에서는 기본 int를 지원하지 않습니다.
C:\Users\rkddl\source\repos\3D_P\Mat2\Mat2\MuSoenMath.h(105,30): error C2238: ';' 앞에 예기치 않은 토큰이 있습니다.
C:\Users\rkddl\source\repos\3D_P\Mat2\Mat2\MuSoenMath.h(105,33): error C2143: 구문 오류: ';'이(가) '++' 앞에 없습니다.
C:\Users\rkddl\source\repos\3D_P\Mat2\Mat2\MuSoenMath.h(105,33): error C4430: 형식 지정자가 없습니다. int로 가정합니다. 참고: C++에서는 기본 int를 지원하지 않습니다.
C:\Users\rkddl\source\repos\3D_P\Mat2\Mat2\MuSoenMath.h(105,35): error C2059: 구문 오류: ')'
C:\Users\rkddl\source\repos\3D_P\Mat2\Mat2\MuSoenMath.h(106,13): error C2143: 구문 오류: ')'이(가) ';' 앞에 없습니다.
C:\Users\rkddl\source\repos\3D_P\Mat2\Mat2\MuSoenMath.h(106,13): error C2238: ';' 앞에 예기치 않은 토큰이 있습니다.
C:\Users\rkddl\source\repos\3D_P\Mat2\Mat2\MuSoenMath.h(106,31): error C2143: 구문 오류: ';'이(가) '<' 앞에 없습니다.
C:\Users\rkddl\source\repos\3D_P\Mat2\Mat2\MuSoenMath.h(106,31): error C4430: 형식 지정자가 없습니다. int로 가정합니다. 참고: C++에서는 기본 int를 지원하지 않습니다.
C:\Users\rkddl\source\repos\3D_P\Mat2\Mat2\MuSoenMath.h(106,34): error C2238: ';' 앞에 예기치 않은 토큰이 있습니다.
C:\Users\rkddl\source\repos\3D_P\Mat2\Mat2\MuSoenMath.h(106,37): error C2143: 구문 오류: ';'이(가) '++' 앞에 없습니다.
C:\Users\rkddl\source\repos\3D_P\Mat2\Mat2\MuSoenMath.h(106,37): error C4430: 형식 지정자가 없습니다. int로 가정합니다. 참고: C++에서는 기본 int를 지원하지 않습니다.
C:\Users\rkddl\source\repos\3D_P\Mat2\Mat2\MuSoenMath.h(106,39): error C2059: 구문 오류: ')'
C:\Users\rkddl\source\repos\3D_P\Mat2\Mat2\MuSoenMath.h(106,68): error C2238: ';' 앞에 예기치 않은 토큰이 있습니다.
C:\Users\rkddl\source\repos\3D_P\Mat2\Mat2\MuSoenMath.h(109,10): error C2143: 구문 오류: ';'이(가) '*' 앞에 없습니다.
C:\Users\rkddl\source\repos\3D_P\Mat2\Mat2\MuSoenMath.h(93,9): error C3867: 'mat4::identity': 비표준 구문입니다. '&'를 사용하여 멤버 포인터를 만드세요.
C:\Users\rkddl\source\repos\3D_P\Mat2\Mat2\MuSoenMath.h(109,30): error C4430: 형식 지정자가 없습니다. int로 가정합니다. 참고: C++에서는 기본 int를 지원하지 않습니다.
C:\Users\rkddl\source\repos\3D_P\Mat2\Mat2\MuSoenMath.h(114,39): error C2065: 'mat': 선언되지 않은 식별자입니다.
C:\Users\rkddl\source\repos\3D_P\Mat2\Mat2\MuSoenMath.h(117,20): error C2440: 'return': 'mat4'에서 'int'(으)로 변환할 수 없습니다.
C:\Users\rkddl\source\repos\3D_P\Mat2\Mat2\MuSoenMath.h(117,16): message : 이 변환을 수행할 수 있는 사용 가능한 사용자 정의 변환 연산자가 없거나 연산자를 호출할 수 없습니다.
C:\Users\rkddl\source\repos\3D_P\Mat2\Mat2\MuSoenMath.h(118,5): error C2617: 'operator *': return 문이 일관성이 없습니다.
C:\Users\rkddl\source\repos\3D_P\Mat2\Mat2\MuSoenMath.h(109): message : 'operator *' 선언을 참조하십시오.
C:\Users\rkddl\source\repos\3D_P\Mat2\Mat2\MuSoenMath.h(120,30): error C2556: 'mat4 operator *(float)': 오버로드된 함수가 'mat3 operator *(float)'과(와) 반환 형식만 다릅니다.
C:\Users\rkddl\source\repos\3D_P\Mat2\Mat2\MuSoenMath.h(42): message : 'operator *' 선언을 참조하십시오.
C:\Users\rkddl\source\repos\3D_P\Mat2\Mat2\MuSoenMath.h(124,34): error C2065: 'mat': 선언되지 않은 식별자입니다.
C:\Users\rkddl\source\repos\3D_P\Mat2\Mat2\MuSoenMath.h(130,30): error C2556: 'mat4 operator /(float)': 오버로드된 함수가 'mat3 operator /(float)'과(와) 반환 형식만 다릅니다.
C:\Users\rkddl\source\repos\3D_P\Mat2\Mat2\MuSoenMath.h(52): message : 'operator /' 선언을 참조하십시오.
C:\Users\rkddl\source\repos\3D_P\Mat2\Mat2\MuSoenMath.h(130,30): error C2803: 'operator /'에는 클래스 형식의 정식 매개 변수가 적어도 하나는 있어야 합니다.
C:\Users\rkddl\source\repos\3D_P\Mat2\Mat2\MuSoenMath.h(130,30): error C2805: 이항 'operator /'에 매개 변수가 너무 적습니다.
C:\Users\rkddl\source\repos\3D_P\Mat2\Mat2\MuSoenMath.h(134,34): error C2065: 'mat': 선언되지 않은 식별자입니다.
C:\Users\rkddl\source\repos\3D_P\Mat2\Mat2\MuSoenMath.h(140,30): error C2556: 'mat4 operator +(float)': 오버로드된 함수가 'mat3 operator +(float)'과(와) 반환 형식만 다릅니다.
C:\Users\rkddl\source\repos\3D_P\Mat2\Mat2\MuSoenMath.h(62): message : 'operator +' 선언을 참조하십시오.
C:\Users\rkddl\source\repos\3D_P\Mat2\Mat2\MuSoenMath.h(144,34): error C2065: 'mat': 선언되지 않은 식별자입니다.
C:\Users\rkddl\source\repos\3D_P\Mat2\Mat2\MuSoenMath.h(150,30): error C2556: 'mat4 operator -(float)': 오버로드된 함수가 'mat3 operator -(float)'과(와) 반환 형식만 다릅니다.
C:\Users\rkddl\source\repos\3D_P\Mat2\Mat2\MuSoenMath.h(72): message : 'operator -' 선언을 참조하십시오.
C:\Users\rkddl\source\repos\3D_P\Mat2\Mat2\MuSoenMath.h(154,34): error C2065: 'mat': 선언되지 않은 식별자입니다.
C:\Users\rkddl\source\repos\3D_P\Mat2\Mat2\MuSoenMath.h(159,1): error C2059: 구문 오류: '}'
C:\Users\rkddl\source\repos\3D_P\Mat2\Mat2\MuSoenMath.h(159,1): error C2143: 구문 오류: ';'이(가) '}' 앞에 없습니다.
C:\Users\rkddl\source\repos\3D_P\Mat2\Mat2\MuSoenMath.h(180,10): error C2365: 'vec3::transpose': 재정의: 이전 정의는 '데이터 멤버'입니다.
C:\Users\rkddl\source\repos\3D_P\Mat2\Mat2\MuSoenMath.h(163): message : 'vec3::transpose' 선언을 참조하십시오.
C:\Users\rkddl\source\repos\3D_P\Mat2\Mat2\MuSoenMath.h(181,9): error C2059: 구문 오류: 'for'
C:\Users\rkddl\source\repos\3D_P\Mat2\Mat2\MuSoenMath.h(181,9): error C2143: 구문 오류: ')'이(가) ';' 앞에 없습니다.
C:\Users\rkddl\source\repos\3D_P\Mat2\Mat2\MuSoenMath.h(181,9): error C2238: ';' 앞에 예기치 않은 토큰이 있습니다.
C:\Users\rkddl\source\repos\3D_P\Mat2\Mat2\MuSoenMath.h(181,27): error C2143: 구문 오류: ';'이(가) '<' 앞에 없습니다.
C:\Users\rkddl\source\repos\3D_P\Mat2\Mat2\MuSoenMath.h(181,27): error C4430: 형식 지정자가 없습니다. int로 가정합니다. 참고: C++에서는 기본 int를 지원하지 않습니다.
C:\Users\rkddl\source\repos\3D_P\Mat2\Mat2\MuSoenMath.h(181,30): error C2238: ';' 앞에 예기치 않은 토큰이 있습니다.
C:\Users\rkddl\source\repos\3D_P\Mat2\Mat2\MuSoenMath.h(181,33): error C2143: 구문 오류: ';'이(가) '++' 앞에 없습니다.
C:\Users\rkddl\source\repos\3D_P\Mat2\Mat2\MuSoenMath.h(181,33): error C4430: 형식 지정자가 없습니다. int로 가정합니다. 참고: C++에서는 기본 int를 지원하지 않습니다.
C:\Users\rkddl\source\repos\3D_P\Mat2\Mat2\MuSoenMath.h(181,35): error C2059: 구문 오류: ')'
C:\Users\rkddl\source\repos\3D_P\Mat2\Mat2\MuSoenMath.h(182,13): error C2143: 구문 오류: ')'이(가) ';' 앞에 없습니다.
C:\Users\rkddl\source\repos\3D_P\Mat2\Mat2\MuSoenMath.h(182,13): error C2238: ';' 앞에 예기치 않은 토큰이 있습니다.
C:\Users\rkddl\source\repos\3D_P\Mat2\Mat2\MuSoenMath.h(182,31): error C2143: 구문 오류: ';'이(가) '<' 앞에 없습니다.
C:\Users\rkddl\source\repos\3D_P\Mat2\Mat2\MuSoenMath.h(182,31): error C4430: 형식 지정자가 없습니다. int로 가정합니다. 참고: C++에서는 기본 int를 지원하지 않습니다.
C:\Users\rkddl\source\repos\3D_P\Mat2\Mat2\MuSoenMath.h(182,34): error C2238: ';' 앞에 예기치 않은 토큰이 있습니다.
C:\Users\rkddl\source\repos\3D_P\Mat2\Mat2\MuSoenMath.h(182,37): error C2143: 구문 오류: ';'이(가) '++' 앞에 없습니다.
C:\Users\rkddl\source\repos\3D_P\Mat2\Mat2\MuSoenMath.h(182,37): error C4430: 형식 지정자가 없습니다. int로 가정합니다. 참고: C++에서는 기본 int를 지원하지 않습니다.
C:\Users\rkddl\source\repos\3D_P\Mat2\Mat2\MuSoenMath.h(182,39): error C2059: 구문 오류: ')'
C:\Users\rkddl\source\repos\3D_P\Mat2\Mat2\MuSoenMath.h(182,68): error C2238: ';' 앞에 예기치 않은 토큰이 있습니다.
C:\Users\rkddl\source\repos\3D_P\Mat2\Mat2\MuSoenMath.h(185,10): error C2143: 구문 오류: ';'이(가) '*' 앞에 없습니다.
C:\Users\rkddl\source\repos\3D_P\Mat2\Mat2\MuSoenMath.h(171,9): error C3867: 'vec3::identity': 비표준 구문입니다. '&'를 사용하여 멤버 포인터를 만드세요.
C:\Users\rkddl\source\repos\3D_P\Mat2\Mat2\MuSoenMath.h(185,30): error C4430: 형식 지정자가 없습니다. int로 가정합니다. 참고: C++에서는 기본 int를 지원하지 않습니다.
C:\Users\rkddl\source\repos\3D_P\Mat2\Mat2\MuSoenMath.h(185,10): error C2084: 'int operator *(mat3 &)' 함수에 이미 본문이 있습니다.
C:\Users\rkddl\source\repos\3D_P\Mat2\Mat2\MuSoenMath.h(31): message : '*'의 이전 정의를 참조하십시오.
C:\Users\rkddl\source\repos\3D_P\Mat2\Mat2\MuSoenMath.h(189,35): error C2065: 'vec': 선언되지 않은 식별자입니다.
C:\Users\rkddl\source\repos\3D_P\Mat2\Mat2\MuSoenMath.h(194,30): error C2556: 'vec3 operator *(float)': 오버로드된 함수가 'mat3 operator *(float)'과(와) 반환 형식만 다릅니다.
C:\Users\rkddl\source\repos\3D_P\Mat2\Mat2\MuSoenMath.h(120): message : 'operator *' 선언을 참조하십시오.
C:\Users\rkddl\source\repos\3D_P\Mat2\Mat2\MuSoenMath.h(198,34): error C2065: 'vec': 선언되지 않은 식별자입니다.
C:\Users\rkddl\source\repos\3D_P\Mat2\Mat2\MuSoenMath.h(204,30): error C2556: 'vec3 operator /(float)': 오버로드된 함수가 'mat3 operator /(float)'과(와) 반환 형식만 다릅니다.
C:\Users\rkddl\source\repos\3D_P\Mat2\Mat2\MuSoenMath.h(130): message : 'operator /' 선언을 참조하십시오.
C:\Users\rkddl\source\repos\3D_P\Mat2\Mat2\MuSoenMath.h(204,30): error C2803: 'operator /'에는 클래스 형식의 정식 매개 변수가 적어도 하나는 있어야 합니다.
C:\Users\rkddl\source\repos\3D_P\Mat2\Mat2\MuSoenMath.h(204,30): error C2805: 이항 'operator /'에 매개 변수가 너무 적습니다.
C:\Users\rkddl\source\repos\3D_P\Mat2\Mat2\MuSoenMath.h(208,34): error C2065: 'vec': 선언되지 않은 식별자입니다.
C:\Users\rkddl\source\repos\3D_P\Mat2\Mat2\MuSoenMath.h(214,30): error C2556: 'vec3 operator +(float)': 오버로드된 함수가 'mat3 operator +(float)'과(와) 반환 형식만 다릅니다.
C:\Users\rkddl\source\repos\3D_P\Mat2\Mat2\MuSoenMath.h(140): message : 'operator +' 선언을 참조하십시오.
C:\Users\rkddl\source\repos\3D_P\Mat2\Mat2\MuSoenMath.h(218,34): error C2065: 'vec': 선언되지 않은 식별자입니다.
C:\Users\rkddl\source\repos\3D_P\Mat2\Mat2\MuSoenMath.h(224,30): error C2556: 'vec3 operator -(float)': 오버로드된 함수가 'mat3 operator -(float)'과(와) 반환 형식만 다릅니다.
C:\Users\rkddl\source\repos\3D_P\Mat2\Mat2\MuSoenMath.h(150): message : 'operator -' 선언을 참조하십시오.
C:\Users\rkddl\source\repos\3D_P\Mat2\Mat2\MuSoenMath.h(228,34): error C2065: 'vec': 선언되지 않은 식별자입니다.
C:\Users\rkddl\source\repos\3D_P\Mat2\Mat2\MuSoenMath.h(233,1): error C2059: 구문 오류: '}'
C:\Users\rkddl\source\repos\3D_P\Mat2\Mat2\MuSoenMath.h(233,1): error C2143: 구문 오류: ';'이(가) '}' 앞에 없습니다.
C:\Users\rkddl\source\repos\3D_P\Mat2\Mat2\MuSoenMath.h(254,12): error C2365: 'vec1x3::transpose': 재정의: 이전 정의는 '데이터 멤버'입니다.
C:\Users\rkddl\source\repos\3D_P\Mat2\Mat2\MuSoenMath.h(237): message : 'vec1x3::transpose' 선언을 참조하십시오.
C:\Users\rkddl\source\repos\3D_P\Mat2\Mat2\MuSoenMath.h(255,9): error C2059: 구문 오류: 'for'
C:\Users\rkddl\source\repos\3D_P\Mat2\Mat2\MuSoenMath.h(255,9): error C2143: 구문 오류: ')'이(가) ';' 앞에 없습니다.
C:\Users\rkddl\source\repos\3D_P\Mat2\Mat2\MuSoenMath.h(255,9): error C2238: ';' 앞에 예기치 않은 토큰이 있습니다.
C:\Users\rkddl\source\repos\3D_P\Mat2\Mat2\MuSoenMath.h(255,27): error C2143: 구문 오류: ';'이(가) '<' 앞에 없습니다.
C:\Users\rkddl\source\repos\3D_P\Mat2\Mat2\MuSoenMath.h(255,27): error C4430: 형식 지정자가 없습니다. int로 가정합니다. 참고: C++에서는 기본 int를 지원하지 않습니다.
C:\Users\rkddl\source\repos\3D_P\Mat2\Mat2\MuSoenMath.h(255,30): error C2238: ';' 앞에 예기치 않은 토큰이 있습니다.
C:\Users\rkddl\source\repos\3D_P\Mat2\Mat2\MuSoenMath.h(255,33): error C2143: 구문 오류: ';'이(가) '++' 앞에 없습니다.
C:\Users\rkddl\source\repos\3D_P\Mat2\Mat2\MuSoenMath.h(255,33): fatal error C1003: 오류 수가 100개를 초과했습니다. 컴파일을 중지합니다.
