  M_M.cpp
C:\Users\rkddl\source\repos\3D_P\Musoen_Mat\Musoen_Mat\MuSoenMath.h(26,2): warning C4091: 'typedef ': 변수를 선언하지 않으면 'mat3' 왼쪽은 무시됩니다.
C:\Users\rkddl\source\repos\3D_P\Musoen_Mat\Musoen_Mat\MuSoenMath.h(45,2): warning C4091: 'typedef ': 변수를 선언하지 않으면 'vec3' 왼쪽은 무시됩니다.
C:\Users\rkddl\source\repos\3D_P\Musoen_Mat\Musoen_Mat\M_M.cpp(34): error C2280: 'Vertex::Vertex(void)': 삭제된 함수를 참조하려고 합니다.
C:\Users\rkddl\source\repos\3D_P\Musoen_Mat\Musoen_Mat\M_M.cpp(24): message : 컴파일러에서 여기에 'Vertex::Vertex'을(를) 생성했습니다.
C:\Users\rkddl\source\repos\3D_P\Musoen_Mat\Musoen_Mat\M_M.cpp(24,1): message : 'Vertex::Vertex(void)': 데이터 멤버 'Vertex::pos'에 적절한 기본 생성자이(가) 없거나 오버로드 확인이 모호하므로 함수가 암시적으로 삭제되었습니다.
C:\Users\rkddl\source\repos\3D_P\Musoen_Mat\Musoen_Mat\M_M.cpp(22): message : 'Vertex::pos' 선언을 참조하십시오.
C:\Users\rkddl\source\repos\3D_P\Musoen_Mat\Musoen_Mat\M_M.cpp(35): error C2280: 'Vertex::Vertex(void)': 삭제된 함수를 참조하려고 합니다.
C:\Users\rkddl\source\repos\3D_P\Musoen_Mat\Musoen_Mat\M_M.cpp(24): message : 컴파일러에서 여기에 'Vertex::Vertex'을(를) 생성했습니다.
C:\Users\rkddl\source\repos\3D_P\Musoen_Mat\Musoen_Mat\M_M.cpp(24,1): message : 'Vertex::Vertex(void)': 데이터 멤버 'Vertex::pos'에 적절한 기본 생성자이(가) 없거나 오버로드 확인이 모호하므로 함수가 암시적으로 삭제되었습니다.
C:\Users\rkddl\source\repos\3D_P\Musoen_Mat\Musoen_Mat\M_M.cpp(22): message : 'Vertex::pos' 선언을 참조하십시오.
C:\Users\rkddl\source\repos\3D_P\Musoen_Mat\Musoen_Mat\M_M.cpp(36): error C2280: 'Vertex::Vertex(void)': 삭제된 함수를 참조하려고 합니다.
C:\Users\rkddl\source\repos\3D_P\Musoen_Mat\Musoen_Mat\M_M.cpp(24): message : 컴파일러에서 여기에 'Vertex::Vertex'을(를) 생성했습니다.
C:\Users\rkddl\source\repos\3D_P\Musoen_Mat\Musoen_Mat\M_M.cpp(24,1): message : 'Vertex::Vertex(void)': 데이터 멤버 'Vertex::pos'에 적절한 기본 생성자이(가) 없거나 오버로드 확인이 모호하므로 함수가 암시적으로 삭제되었습니다.
C:\Users\rkddl\source\repos\3D_P\Musoen_Mat\Musoen_Mat\M_M.cpp(22): message : 'Vertex::pos' 선언을 참조하십시오.
C:\Users\rkddl\source\repos\3D_P\Musoen_Mat\Musoen_Mat\M_M.cpp(37): error C2280: 'Vertex::Vertex(void)': 삭제된 함수를 참조하려고 합니다.
C:\Users\rkddl\source\repos\3D_P\Musoen_Mat\Musoen_Mat\M_M.cpp(24): message : 컴파일러에서 여기에 'Vertex::Vertex'을(를) 생성했습니다.
C:\Users\rkddl\source\repos\3D_P\Musoen_Mat\Musoen_Mat\M_M.cpp(24,1): message : 'Vertex::Vertex(void)': 데이터 멤버 'Vertex::pos'에 적절한 기본 생성자이(가) 없거나 오버로드 확인이 모호하므로 함수가 암시적으로 삭제되었습니다.
C:\Users\rkddl\source\repos\3D_P\Musoen_Mat\Musoen_Mat\M_M.cpp(22): message : 'Vertex::pos' 선언을 참조하십시오.
C:\Users\rkddl\source\repos\3D_P\Musoen_Mat\Musoen_Mat\M_M.cpp(39): error C2280: 'Transform::Transform(void)': 삭제된 함수를 참조하려고 합니다.
C:\Users\rkddl\source\repos\3D_P\Musoen_Mat\Musoen_Mat\M_M.cpp(31): message : 컴파일러에서 여기에 'Transform::Transform'을(를) 생성했습니다.
C:\Users\rkddl\source\repos\3D_P\Musoen_Mat\Musoen_Mat\M_M.cpp(31,1): message : 'Transform::Transform(void)': 데이터 멤버 'Transform::rotation'에 적절한 기본 생성자이(가) 없거나 오버로드 확인이 모호하므로 함수가 암시적으로 삭제되었습니다.
C:\Users\rkddl\source\repos\3D_P\Musoen_Mat\Musoen_Mat\M_M.cpp(30): message : 'Transform::rotation' 선언을 참조하십시오.
C:\Users\rkddl\source\repos\3D_P\Musoen_Mat\Musoen_Mat\M_M.cpp(102,62): warning C4244: '=': 'double'에서 'float'(으)로 변환하면서 데이터가 손실될 수 있습니다.
C:\Users\rkddl\source\repos\3D_P\Musoen_Mat\Musoen_Mat\M_M.cpp(103,61): warning C4244: '=': 'double'에서 'float'(으)로 변환하면서 데이터가 손실될 수 있습니다.
C:\Users\rkddl\source\repos\3D_P\Musoen_Mat\Musoen_Mat\M_M.cpp(133,26): warning C4244: '초기화 중': 'double'에서 'float'(으)로 변환하면서 데이터가 손실될 수 있습니다.
C:\Users\rkddl\source\repos\3D_P\Musoen_Mat\Musoen_Mat\M_M.cpp(149,26): warning C4305: '-=': 'double'에서 'float'(으)로 잘립니다.
C:\Users\rkddl\source\repos\3D_P\Musoen_Mat\Musoen_Mat\M_M.cpp(157,26): warning C4305: '+=': 'double'에서 'float'(으)로 잘립니다.
C:\Users\rkddl\source\repos\3D_P\Musoen_Mat\Musoen_Mat\M_M.cpp(165,14): error C2440: '초기화 중': 'mat3'에서 'float'(으)로 변환할 수 없습니다.
C:\Users\rkddl\source\repos\3D_P\Musoen_Mat\Musoen_Mat\M_M.cpp(165,14): message : 이 변환을 수행할 수 있는 사용 가능한 사용자 정의 변환 연산자가 없거나 연산자를 호출할 수 없습니다.
C:\Users\rkddl\source\repos\3D_P\Musoen_Mat\Musoen_Mat\M_M.cpp(166,17): error C2440: '초기화 중': 'mat3'에서 'float'(으)로 변환할 수 없습니다.
C:\Users\rkddl\source\repos\3D_P\Musoen_Mat\Musoen_Mat\M_M.cpp(166,17): message : 이 변환을 수행할 수 있는 사용 가능한 사용자 정의 변환 연산자가 없거나 연산자를 호출할 수 없습니다.
C:\Users\rkddl\source\repos\3D_P\Musoen_Mat\Musoen_Mat\M_M.cpp(234,19): warning C4244: '초기화 중': 'double'에서 'float'(으)로 변환하면서 데이터가 손실될 수 있습니다.
