  Mat.cpp
C:\Users\rkddl\source\repos\3D_P\Mat\Mat\MuSoenMath.h(12,15): error C2059: 구문 오류: 'new'
C:\Users\rkddl\source\repos\3D_P\Mat\Mat\MuSoenMath.h(12,27): error C2143: 구문 오류: ')'이(가) '{' 앞에 없습니다.
C:\Users\rkddl\source\repos\3D_P\Mat\Mat\MuSoenMath.h(12,38): error C2059: 구문 오류: ')'
C:\Users\rkddl\source\repos\3D_P\Mat\Mat\MuSoenMath.h(13,5): error C2059: 구문 오류: 'for'
C:\Users\rkddl\source\repos\3D_P\Mat\Mat\MuSoenMath.h(13,5): error C2143: 구문 오류: ')'이(가) ';' 앞에 없습니다.
C:\Users\rkddl\source\repos\3D_P\Mat\Mat\MuSoenMath.h(13,5): error C2238: ';' 앞에 예기치 않은 토큰이 있습니다.
C:\Users\rkddl\source\repos\3D_P\Mat\Mat\MuSoenMath.h(13,23): error C2143: 구문 오류: ';'이(가) '<' 앞에 없습니다.
C:\Users\rkddl\source\repos\3D_P\Mat\Mat\MuSoenMath.h(13,23): error C4430: 형식 지정자가 없습니다. int로 가정합니다. 참고: C++에서는 기본 int를 지원하지 않습니다.
C:\Users\rkddl\source\repos\3D_P\Mat\Mat\MuSoenMath.h(13,26): error C2238: ';' 앞에 예기치 않은 토큰이 있습니다.
C:\Users\rkddl\source\repos\3D_P\Mat\Mat\MuSoenMath.h(13,29): error C2143: 구문 오류: ';'이(가) '++' 앞에 없습니다.
C:\Users\rkddl\source\repos\3D_P\Mat\Mat\MuSoenMath.h(13,29): error C4430: 형식 지정자가 없습니다. int로 가정합니다. 참고: C++에서는 기본 int를 지원하지 않습니다.
C:\Users\rkddl\source\repos\3D_P\Mat\Mat\MuSoenMath.h(13,31): error C2059: 구문 오류: ')'
C:\Users\rkddl\source\repos\3D_P\Mat\Mat\MuSoenMath.h(14,5): error C2334: '{' 앞에 예기치 않은 토큰이 있습니다. 명백한 함수 본문을 건너뜁니다.
C:\Users\rkddl\source\repos\3D_P\Mat\Mat\MuSoenMath.h(18,2): warning C4091: 'typedef ': 변수를 선언하지 않으면 'vec3' 왼쪽은 무시됩니다.
C:\Users\rkddl\source\repos\3D_P\Mat\Mat\MuSoenMath.h(10,5): error C2059: 구문 오류: '}'
C:\Users\rkddl\source\repos\3D_P\Mat\Mat\MuSoenMath.h(12,37): error C2143: 구문 오류: ';'이(가) '}' 앞에 없습니다.
C:\Users\rkddl\source\repos\3D_P\Mat\Mat\MuSoenMath.h(26,5): error C2059: 구문 오류: '{'
C:\Users\rkddl\source\repos\3D_P\Mat\Mat\MuSoenMath.h(26,5): error C2334: '{' 앞에 예기치 않은 토큰이 있습니다. 명백한 함수 본문을 건너뜁니다.
C:\Users\rkddl\source\repos\3D_P\Mat\Mat\Mat.cpp(5,7): error C2059: 구문 오류: 'using namespace'
C:\Users\rkddl\source\repos\3D_P\Mat\Mat\Mat.cpp(5,20): error C2238: ';' 앞에 예기치 않은 토큰이 있습니다.
C:\Users\rkddl\source\repos\3D_P\Mat\Mat\MuSoenMath.h(20): fatal error C1075: '{': 일치하는 토큰을 찾을 수 없습니다.
